<?xml version="1.0" encoding="UTF-8"?>
<testng-results ignored="0" total="1" passed="1" failed="0" skipped="0">
  <reporter-output>
  </reporter-output>
  <suite started-at="2025-11-30T11:57:57 IST" name="Suite" finished-at="2025-11-30T11:58:42 IST" duration-ms="44202">
    <groups>
    </groups>
    <test started-at="2025-11-30T11:57:57 IST" name="Test" finished-at="2025-11-30T11:58:42 IST" duration-ms="44202">
      <class name="Tests.LoginPageTest">
        <test-method signature="checkSignTest(java.lang.String,java.lang.String)[pri:0, instance:Tests.LoginPageTest@10cf09e8]" started-at="2025-11-30T11:57:58 IST" name="checkSignTest" finished-at="2025-11-30T11:58:42 IST" duration-ms="44086" status="PASS">
          <params>
            <param index="0">
              <value>
                <![CDATA[ritzzz1712@gmail.com]]>
              </value>
            </param>
            <param index="1">
              <value>
                <![CDATA[rati@123]]>
              </value>
            </param>
          </params>
          <reporter-output>
          </reporter-output>
        </test-method> <!-- checkSignTest -->
      </class> <!-- Tests.LoginPageTest -->
    </test> <!-- Test -->
  </suite> <!-- Suite -->
</testng-results>
